*** HEOM TWO QBIT ONE BATH (heomq2b1) v2.1.3 ***

Begin at 10/07/2019  13:21 

Host: puma

System Hamiltonian:

Self-Adjoint.
( 0.5000000, 0.0000000),( 0.0000000, 0.0000000),( 0.0000000, 0.0000000),( 0.0000000, 0.0000000),
( 0.0000000, 0.0000000),(-0.5000000, 0.0000000),( 0.0000000, 0.0000000),( 0.0000000, 0.0000000),
( 0.0000000, 0.0000000),( 0.0000000, 0.0000000),( 0.5000000, 0.0000000),( 0.0000000, 0.0000000),
( 0.0000000, 0.0000000),( 0.0000000, 0.0000000),( 0.0000000, 0.0000000),(-0.5000000, 0.0000000),

Eenrgy Eigenvalues and Eigenvectors (in column)
       -0.5000000              -0.5000000               0.5000000               0.5000000
( 0.0000000, 0.0000000),( 0.0000000, 0.0000000),( 0.0000000, 0.0000000),( 1.0000000, 0.0000000),
( 1.0000000, 0.0000000),( 0.0000000, 0.0000000),( 0.0000000, 0.0000000),( 0.0000000, 0.0000000),
( 0.0000000, 0.0000000),( 0.0000000, 0.0000000),( 1.0000000, 0.0000000),( 0.0000000, 0.0000000),
( 0.0000000, 0.0000000),( 1.0000000, 0.0000000),( 0.0000000, 0.0000000),( 0.0000000, 0.0000000),

Coupling Operator to Envirnment:

Self-Adjoint.
( 0.0000000, 0.0000000),( 1.0000000, 0.0000000),( 0.0000000, 0.0000000),( 0.0000000, 0.0000000),
( 1.0000000, 0.0000000),( 0.0000000, 0.0000000),( 0.0000000, 0.0000000),( 0.0000000, 0.0000000),
( 0.0000000, 0.0000000),( 0.0000000, 0.0000000),( 0.0000000, 0.0000000),( 1.0000000, 0.0000000),
( 0.0000000, 0.0000000),( 0.0000000, 0.0000000),( 1.0000000, 0.0000000),( 0.0000000, 0.0000000),

Initial Density Matrix:

Self-Adjoint.
( 1.0000000, 0.0000000),( 0.0000000, 0.0000000),( 0.0000000, 0.0000000),( 0.0000000, 0.0000000),
( 0.0000000, 0.0000000),( 0.0000000, 0.0000000),( 0.0000000, 0.0000000),( 0.0000000, 0.0000000),
( 0.0000000, 0.0000000),( 0.0000000, 0.0000000),( 0.0000000, 0.0000000),( 0.0000000, 0.0000000),
( 0.0000000, 0.0000000),( 0.0000000, 0.0000000),( 0.0000000, 0.0000000),( 0.0000000, 0.0000000),
Normalization OK:  1.000000  0.000000

Initial Density Matrix Eigenvalues and Eigenvectors (in column)
        0.0000000               0.0000000               0.0000000               1.0000000
( 0.0000000, 0.0000000),( 0.0000000, 0.0000000),( 0.0000000, 0.0000000),( 1.0000000, 0.0000000),
( 1.0000000, 0.0000000),( 0.0000000, 0.0000000),( 0.0000000, 0.0000000),( 0.0000000, 0.0000000),
( 0.0000000, 0.0000000),( 1.0000000, 0.0000000),( 0.0000000, 0.0000000),( 0.0000000, 0.0000000),
( 0.0000000, 0.0000000),( 0.0000000, 0.0000000),( 1.0000000, 0.0000000),( 0.0000000, 0.0000000),

Initial Reduced Density
System A
( 1.0000000, 0.0000000),( 0.0000000, 0.0000000),
( 0.0000000, 0.0000000),( 0.0000000, 0.0000000),
System B
( 1.0000000, 0.0000000),( 0.0000000, 0.0000000),
( 0.0000000, 0.0000000),( 0.0000000, 0.0000000),

Environment Parameters:
        T =       1.000
    gamma =       0.100
   lambda =       0.010

Correlation functions:
[1/1] Pade approximation is used.
   Delta =    0.50000E-02
       c1=     1.9983       gamma1=    0.10000    
       c2=    0.75627E-01   gamma2=     6.4807    

HEOM parameters:
   h depth= 50
    n_aux = 1326

Execution parameters:
          dt = 0.00100
    duration =  300.00

Summary of thermodynamic quantities:

Initial U=   0.500000    
  Final U=  -0.157981    
  Delta U=  -0.657981    

Initial S=   -0.00000    
  Final S=   0.642365    
  Delta S=   0.642365    

Initial Vsb=    0.00000    
  Final Vsb=  -0.131313E-01
  Delta Vsb=  -0.131313E-01

Heat (net energy loss by the environment) =  -0.671113    

Final heat flux=  -0.543741E-03

Entropy production =   0.984487    

Final Density Matrix:
( 0.3420186, 0.0000000),( 0.0000000, 0.0000000),( 0.0000000, 0.0000000),( 0.0000000, 0.0000000),
( 0.0000000, 0.0000000),( 0.6579814,-0.0000000),( 0.0000000, 0.0000000),( 0.0000000, 0.0000000),
( 0.0000000, 0.0000000),( 0.0000000, 0.0000000),( 0.0000000, 0.0000000),( 0.0000000, 0.0000000),
( 0.0000000, 0.0000000),( 0.0000000, 0.0000000),( 0.0000000, 0.0000000),( 0.0000000, 0.0000000),
Trace =  1.000000  0.000000

Final Density Matrix Eigenvalues and Eigenvectors (in column)
        0.0000000               0.0000000               0.3420186               0.6579814
( 0.0000000, 0.0000000),( 0.0000000, 0.0000000),( 1.0000000, 0.0000000),( 0.0000000, 0.0000000),
( 0.0000000, 0.0000000),( 0.0000000, 0.0000000),( 0.0000000, 0.0000000),( 1.0000000, 0.0000000),
( 1.0000000, 0.0000000),( 0.0000000, 0.0000000),( 0.0000000, 0.0000000),( 0.0000000, 0.0000000),
( 0.0000000, 0.0000000),( 1.0000000, 0.0000000),( 0.0000000, 0.0000000),( 0.0000000, 0.0000000),

Finall Reduced Density
System A
( 1.0000000, 0.0000000),( 0.0000000, 0.0000000),
( 0.0000000, 0.0000000),( 0.0000000, 0.0000000),
System B
( 0.3420186, 0.0000000),( 0.0000000, 0.0000000),
( 0.0000000, 0.0000000),( 0.6579814,-0.0000000),

Final eta Matrix :
( 0.0000000, 0.0000000),(-0.0065656, 0.0002719),( 0.0000000, 0.0000000),( 0.0000000, 0.0000000),
(-0.0065656,-0.0002719),( 0.0000000, 0.0000000),( 0.0000000, 0.0000000),( 0.0000000, 0.0000000),
( 0.0000000, 0.0000000),( 0.0000000, 0.0000000),( 0.0000000, 0.0000000),( 0.0000000, 0.0000000),
( 0.0000000, 0.0000000),( 0.0000000, 0.0000000),( 0.0000000, 0.0000000),( 0.0000000, 0.0000000),
Trace =  0.000000  0.000000

Final Auxiliary Matrix (1,0):
( 0.0000000, 0.0000000),(-0.6560087, 0.0323615),( 0.0000000, 0.0000000),( 0.0000000, 0.0000000),
(-0.6560087,-0.0323615),( 0.0000000, 0.0000000),( 0.0000000, 0.0000000),( 0.0000000, 0.0000000),
( 0.0000000, 0.0000000),( 0.0000000, 0.0000000),( 0.0000000, 0.0000000),( 0.0000000, 0.0000000),
( 0.0000000, 0.0000000),( 0.0000000, 0.0000000),( 0.0000000, 0.0000000),( 0.0000000, 0.0000000),
Trace =  0.000000  0.000000

Final Auxiliary Matrix (0,1):
( 0.0000000, 0.0000000),(-0.0005544,-0.0035946),( 0.0000000, 0.0000000),( 0.0000000, 0.0000000),
(-0.0005544, 0.0035946),( 0.0000000, 0.0000000),( 0.0000000, 0.0000000),( 0.0000000, 0.0000000),
( 0.0000000, 0.0000000),( 0.0000000, 0.0000000),( 0.0000000, 0.0000000),( 0.0000000, 0.0000000),
( 0.0000000, 0.0000000),( 0.0000000, 0.0000000),( 0.0000000, 0.0000000),( 0.0000000, 0.0000000),
Trace =  0.000000  0.000000

cputime= 216.92313

Completed at 10/07/2019  13:25 
