*** HEOM TWO QBIT ONE BATH (heomq2b1) v2.1.3 ***

Begin at 10/06/2019  14:51 

Host: puma

System Hamiltonian:

Self-Adjoint.
( 0.5000000, 0.0000000),( 0.0000000, 0.0000000),( 0.0000000, 0.0000000),( 0.0000000, 0.0000000),
( 0.0000000, 0.0000000),(-0.5000000, 0.0000000),( 0.0000000, 0.0000000),( 0.0000000, 0.0000000),
( 0.0000000, 0.0000000),( 0.0000000, 0.0000000),( 0.5000000, 0.0000000),( 0.0000000, 0.0000000),
( 0.0000000, 0.0000000),( 0.0000000, 0.0000000),( 0.0000000, 0.0000000),(-0.5000000, 0.0000000),

Eenrgy Eigenvalues and Eigenvectors (in column)
       -0.5000000              -0.5000000               0.5000000               0.5000000
( 0.0000000, 0.0000000),( 0.0000000, 0.0000000),( 0.0000000, 0.0000000),( 1.0000000, 0.0000000),
( 1.0000000, 0.0000000),( 0.0000000, 0.0000000),( 0.0000000, 0.0000000),( 0.0000000, 0.0000000),
( 0.0000000, 0.0000000),( 0.0000000, 0.0000000),( 1.0000000, 0.0000000),( 0.0000000, 0.0000000),
( 0.0000000, 0.0000000),( 1.0000000, 0.0000000),( 0.0000000, 0.0000000),( 0.0000000, 0.0000000),

Coupling Operator to Envirnment:

Self-Adjoint.
( 0.0000000, 0.0000000),( 1.0000000, 0.0000000),( 0.0000000, 0.0000000),( 0.0000000, 0.0000000),
( 1.0000000, 0.0000000),( 0.0000000, 0.0000000),( 0.0000000, 0.0000000),( 0.0000000, 0.0000000),
( 0.0000000, 0.0000000),( 0.0000000, 0.0000000),( 0.0000000, 0.0000000),( 1.0000000, 0.0000000),
( 0.0000000, 0.0000000),( 0.0000000, 0.0000000),( 1.0000000, 0.0000000),( 0.0000000, 0.0000000),

Initial Density Matrix:

Self-Adjoint.
( 1.0000000, 0.0000000),( 0.0000000, 0.0000000),( 0.0000000, 0.0000000),( 0.0000000, 0.0000000),
( 0.0000000, 0.0000000),( 0.0000000, 0.0000000),( 0.0000000, 0.0000000),( 0.0000000, 0.0000000),
( 0.0000000, 0.0000000),( 0.0000000, 0.0000000),( 0.0000000, 0.0000000),( 0.0000000, 0.0000000),
( 0.0000000, 0.0000000),( 0.0000000, 0.0000000),( 0.0000000, 0.0000000),( 0.0000000, 0.0000000),
Normalization OK:  1.000000  0.000000

Initial Density Matrix Eigenvalues and Eigenvectors (in column)
        0.0000000               0.0000000               0.0000000               1.0000000
( 0.0000000, 0.0000000),( 0.0000000, 0.0000000),( 0.0000000, 0.0000000),( 1.0000000, 0.0000000),
( 1.0000000, 0.0000000),( 0.0000000, 0.0000000),( 0.0000000, 0.0000000),( 0.0000000, 0.0000000),
( 0.0000000, 0.0000000),( 1.0000000, 0.0000000),( 0.0000000, 0.0000000),( 0.0000000, 0.0000000),
( 0.0000000, 0.0000000),( 0.0000000, 0.0000000),( 1.0000000, 0.0000000),( 0.0000000, 0.0000000),

Initial Reduced Density
System A
( 1.0000000, 0.0000000),( 0.0000000, 0.0000000),
( 0.0000000, 0.0000000),( 0.0000000, 0.0000000),
System B
( 1.0000000, 0.0000000),( 0.0000000, 0.0000000),
( 0.0000000, 0.0000000),( 0.0000000, 0.0000000),

Environment Parameters:
        T =       1.000
    gamma =       0.100
   lambda =       0.100

Correlation functions:
[1/1] Pade approximation is used.
   Delta =    0.50000E-02
       c1=     1.9983       gamma1=    0.10000    
       c2=    0.75627E-01   gamma2=     6.4807    

HEOM parameters:
   h depth= 50
    n_aux = 1326

Execution parameters:
          dt = 0.00100
    duration =  100.00

Summary of thermodynamic quantities:

Initial U=   0.500000    
  Final U=  -0.212204    
  Delta U=  -0.712204    

Initial S=   -0.00000    
  Final S=   0.600167    
  Delta S=   0.600167    

Initial Vsb=    0.00000    
  Final Vsb=  -0.181968    
  Delta Vsb=  -0.181968    

Heat (net energy loss by the environment) =  -0.894171    

Final heat flux=  -0.257994E-03

Entropy production =    1.13824    

Final Density Matrix:
( 0.2877965,-0.0000000),( 0.0000000, 0.0000000),( 0.0000000, 0.0000000),( 0.0000000, 0.0000000),
( 0.0000000, 0.0000000),( 0.7122035, 0.0000000),( 0.0000000, 0.0000000),( 0.0000000, 0.0000000),
( 0.0000000, 0.0000000),( 0.0000000, 0.0000000),( 0.0000000, 0.0000000),( 0.0000000, 0.0000000),
( 0.0000000, 0.0000000),( 0.0000000, 0.0000000),( 0.0000000, 0.0000000),( 0.0000000, 0.0000000),
Trace =  1.000000  0.000000

Final Density Matrix Eigenvalues and Eigenvectors (in column)
        0.0000000               0.0000000               0.2877965               0.7122035
( 0.0000000, 0.0000000),( 0.0000000, 0.0000000),( 1.0000000, 0.0000000),( 0.0000000, 0.0000000),
( 0.0000000, 0.0000000),( 0.0000000, 0.0000000),( 0.0000000, 0.0000000),( 1.0000000, 0.0000000),
( 1.0000000, 0.0000000),( 0.0000000, 0.0000000),( 0.0000000, 0.0000000),( 0.0000000, 0.0000000),
( 0.0000000, 0.0000000),( 1.0000000, 0.0000000),( 0.0000000, 0.0000000),( 0.0000000, 0.0000000),

Finall Reduced Density
System A
( 1.0000000, 0.0000000),( 0.0000000, 0.0000000),
( 0.0000000, 0.0000000),( 0.0000000, 0.0000000),
System B
( 0.2877965,-0.0000000),( 0.0000000, 0.0000000),
( 0.0000000, 0.0000000),( 0.7122035, 0.0000000),

Final eta Matrix :
( 0.0000000, 0.0000000),(-0.0909839, 0.0001290),( 0.0000000, 0.0000000),( 0.0000000, 0.0000000),
(-0.0909839,-0.0001290),( 0.0000000, 0.0000000),( 0.0000000, 0.0000000),( 0.0000000, 0.0000000),
( 0.0000000, 0.0000000),( 0.0000000, 0.0000000),( 0.0000000, 0.0000000),( 0.0000000, 0.0000000),
( 0.0000000, 0.0000000),( 0.0000000, 0.0000000),( 0.0000000, 0.0000000),( 0.0000000, 0.0000000),
Trace =  0.000000  0.000000

Final Auxiliary Matrix (1,0):
( 0.0000000, 0.0000000),(-0.9091068, 0.0081597),( 0.0000000, 0.0000000),( 0.0000000, 0.0000000),
(-0.9091068,-0.0081597),( 0.0000000, 0.0000000),( 0.0000000, 0.0000000),( 0.0000000, 0.0000000),
( 0.0000000, 0.0000000),( 0.0000000, 0.0000000),( 0.0000000, 0.0000000),( 0.0000000, 0.0000000),
( 0.0000000, 0.0000000),( 0.0000000, 0.0000000),( 0.0000000, 0.0000000),( 0.0000000, 0.0000000),
Trace =  0.000000  0.000000

Final Auxiliary Matrix (0,1):
( 0.0000000, 0.0000000),(-0.0007324,-0.0047477),( 0.0000000, 0.0000000),( 0.0000000, 0.0000000),
(-0.0007324, 0.0047477),( 0.0000000, 0.0000000),( 0.0000000, 0.0000000),( 0.0000000, 0.0000000),
( 0.0000000, 0.0000000),( 0.0000000, 0.0000000),( 0.0000000, 0.0000000),( 0.0000000, 0.0000000),
( 0.0000000, 0.0000000),( 0.0000000, 0.0000000),( 0.0000000, 0.0000000),( 0.0000000, 0.0000000),
Trace =  0.000000  0.000000

cputime=  72.20132

Completed at 10/06/2019  14:52 
